TpTrace Verbose: 0 : 43592, 1, 2021/07/24, 01:42:39.037, 4455222187985, vstest.console.dll, Version: 16.10.0
TpTrace Information: 0 : 43592, 1, 2021/07/24, 01:42:39.059, 4455222382242, vstest.console.dll, FilePatternParser: The given file C:\Users\Tal\source\repos\Noaa\NoaaTest\bin\Debug\netcoreapp3.1\fine-code-coverage\build-output\NoaaTest.dll is a full path.
TpTrace Verbose: 0 : 43592, 1, 2021/07/24, 01:42:39.073, 4455222525964, vstest.console.dll, TestPluginCache.DiscoverTestExtensions: finding test extensions in assemblies ends with: RuntimeProvider.dll TPluginInfo: Microsoft.VisualStudio.TestPlatform.Common.ExtensionFramework.Utilities.TestRuntimePluginInformation TExtension: Microsoft.VisualStudio.TestPlatform.ObjectModel.Host.ITestRuntimeProvider
TpTrace Verbose: 0 : 43592, 1, 2021/07/24, 01:42:39.074, 4455222531290, vstest.console.dll, TestPluginCache.GetExtensionPaths: Filtered extension paths: 
TpTrace Verbose: 0 : 43592, 1, 2021/07/24, 01:42:39.074, 4455222532638, vstest.console.dll, TestPluginCache.GetExtensionPaths: Added default extension paths: C:\Program Files\dotnet\sdk\5.0.302\Extensions\Microsoft.Diagnostics.NETCore.Client.dll
C:\Program Files\dotnet\sdk\5.0.302\Extensions\Microsoft.TestPlatform.Extensions.BlameDataCollector.dll
C:\Program Files\dotnet\sdk\5.0.302\Extensions\Microsoft.TestPlatform.Extensions.EventLogCollector.dll
C:\Program Files\dotnet\sdk\5.0.302\Extensions\Microsoft.TestPlatform.TestHostRuntimeProvider.dll
C:\Program Files\dotnet\sdk\5.0.302\Extensions\Microsoft.VisualStudio.TestPlatform.Extensions.Html.TestLogger.dll
C:\Program Files\dotnet\sdk\5.0.302\Extensions\Microsoft.VisualStudio.TestPlatform.Extensions.Trx.TestLogger.dll
TpTrace Verbose: 0 : 43592, 1, 2021/07/24, 01:42:39.074, 4455222533256, vstest.console.dll, TestPluginCache.GetExtensionPaths: Added unfilterableExtensionPaths: 
TpTrace Information: 0 : 43592, 1, 2021/07/24, 01:42:39.075, 4455222539673, vstest.console.dll, AssemblyResolver.ctor: Creating AssemblyResolver with searchDirectories C:\Program Files\dotnet\sdk\5.0.302\Extensions,C:\Program Files\dotnet\sdk\5.0.302
TpTrace Verbose: 0 : 43592, 1, 2021/07/24, 01:42:39.076, 4455222554426, vstest.console.dll, TestPluginCache.DiscoverTestExtensions: Discovering the extensions using extension path.
TpTrace Verbose: 0 : 43592, 1, 2021/07/24, 01:42:39.076, 4455222555524, vstest.console.dll, TestPluginCache.GetExtensionPaths: Filtered extension paths: 
TpTrace Verbose: 0 : 43592, 1, 2021/07/24, 01:42:39.076, 4455222555961, vstest.console.dll, TestPluginCache.GetExtensionPaths: Added default extension paths: C:\Program Files\dotnet\sdk\5.0.302\Extensions\Microsoft.Diagnostics.NETCore.Client.dll
C:\Program Files\dotnet\sdk\5.0.302\Extensions\Microsoft.TestPlatform.Extensions.BlameDataCollector.dll
C:\Program Files\dotnet\sdk\5.0.302\Extensions\Microsoft.TestPlatform.Extensions.EventLogCollector.dll
C:\Program Files\dotnet\sdk\5.0.302\Extensions\Microsoft.TestPlatform.TestHostRuntimeProvider.dll
C:\Program Files\dotnet\sdk\5.0.302\Extensions\Microsoft.VisualStudio.TestPlatform.Extensions.Html.TestLogger.dll
C:\Program Files\dotnet\sdk\5.0.302\Extensions\Microsoft.VisualStudio.TestPlatform.Extensions.Trx.TestLogger.dll
TpTrace Verbose: 0 : 43592, 1, 2021/07/24, 01:42:39.076, 4455222556264, vstest.console.dll, TestPluginCache.GetExtensionPaths: Added unfilterableExtensionPaths: 
TpTrace Verbose: 0 : 43592, 1, 2021/07/24, 01:42:39.076, 4455222556839, vstest.console.dll, TestPluginCache.DiscoverTestExtensions: Discovering the extensions using allExtensionPaths: C:\Program Files\dotnet\sdk\5.0.302\Extensions\Microsoft.Diagnostics.NETCore.Client.dll
C:\Program Files\dotnet\sdk\5.0.302\Extensions\Microsoft.TestPlatform.Extensions.BlameDataCollector.dll
C:\Program Files\dotnet\sdk\5.0.302\Extensions\Microsoft.TestPlatform.Extensions.EventLogCollector.dll
C:\Program Files\dotnet\sdk\5.0.302\Extensions\Microsoft.TestPlatform.TestHostRuntimeProvider.dll
C:\Program Files\dotnet\sdk\5.0.302\Extensions\Microsoft.VisualStudio.TestPlatform.Extensions.Html.TestLogger.dll
C:\Program Files\dotnet\sdk\5.0.302\Extensions\Microsoft.VisualStudio.TestPlatform.Extensions.Trx.TestLogger.dll
TpTrace Information: 0 : 43592, 1, 2021/07/24, 01:42:39.077, 4455222558056, vstest.console.dll, AssemblyResolver.AddSearchDirectories: Adding more searchDirectories C:\Program Files\dotnet\sdk\5.0.302\Extensions,C:\Program Files\dotnet\sdk\5.0.302
TpTrace Information: 0 : 43592, 1, 2021/07/24, 01:42:39.077, 4455222558652, vstest.console.dll, AssemblyResolver.AddSearchDirectories: Adding more searchDirectories C:\Program Files\dotnet\sdk\5.0.302\Extensions,C:\Program Files\dotnet\sdk\5.0.302
TpTrace Information: 0 : 43592, 1, 2021/07/24, 01:42:39.077, 4455222559011, vstest.console.dll, AssemblyResolver.AddSearchDirectories: Adding more searchDirectories C:\Program Files\dotnet\sdk\5.0.302\Extensions,C:\Program Files\dotnet\sdk\5.0.302
TpTrace Information: 0 : 43592, 1, 2021/07/24, 01:42:39.077, 4455222559291, vstest.console.dll, AssemblyResolver.AddSearchDirectories: Adding more searchDirectories C:\Program Files\dotnet\sdk\5.0.302\Extensions,C:\Program Files\dotnet\sdk\5.0.302
TpTrace Information: 0 : 43592, 1, 2021/07/24, 01:42:39.077, 4455222559559, vstest.console.dll, AssemblyResolver.AddSearchDirectories: Adding more searchDirectories C:\Program Files\dotnet\sdk\5.0.302\Extensions,C:\Program Files\dotnet\sdk\5.0.302
TpTrace Information: 0 : 43592, 1, 2021/07/24, 01:42:39.077, 4455222559883, vstest.console.dll, AssemblyResolver.AddSearchDirectories: Adding more searchDirectories C:\Program Files\dotnet\sdk\5.0.302\Extensions,C:\Program Files\dotnet\sdk\5.0.302
TpTrace Information: 0 : 43592, 1, 2021/07/24, 01:42:39.080, 4455222587995, vstest.console.dll, AssemblyResolver.OnResolve: Microsoft.Diagnostics.NETCore.Client: Resolving assembly.
TpTrace Information: 0 : 43592, 1, 2021/07/24, 01:42:39.080, 4455222588614, vstest.console.dll, AssemblyResolver.OnResolve: Microsoft.Diagnostics.NETCore.Client: Searching in: 'C:\Program Files\dotnet\sdk\5.0.302\Extensions'.
TpTrace Information: 0 : 43592, 1, 2021/07/24, 01:42:39.081, 4455222598185, vstest.console.dll, AssemblyResolver.OnResolve: Microsoft.Diagnostics.NETCore.Client: Loading assembly 'C:\Program Files\dotnet\sdk\5.0.302\Extensions\Microsoft.Diagnostics.NETCore.Client.dll'.
TpTrace Information: 0 : 43592, 1, 2021/07/24, 01:42:39.081, 4455222607505, vstest.console.dll, AssemblyResolver.OnResolve: Resolved assembly: Microsoft.Diagnostics.NETCore.Client, from path: C:\Program Files\dotnet\sdk\5.0.302\Extensions\Microsoft.Diagnostics.NETCore.Client.dll
TpTrace Information: 0 : 43592, 1, 2021/07/24, 01:42:39.085, 4455222644322, vstest.console.dll, AssemblyResolver.OnResolve: Microsoft.Bcl.AsyncInterfaces: Resolving assembly.
TpTrace Information: 0 : 43592, 1, 2021/07/24, 01:42:39.085, 4455222644890, vstest.console.dll, AssemblyResolver.OnResolve: Microsoft.Bcl.AsyncInterfaces: Searching in: 'C:\Program Files\dotnet\sdk\5.0.302\Extensions'.
TpTrace Information: 0 : 43592, 1, 2021/07/24, 01:42:39.085, 4455222645603, vstest.console.dll, AssemblyResolver.OnResolve: Microsoft.Bcl.AsyncInterfaces: Assembly path does not exist: 'C:\Program Files\dotnet\sdk\5.0.302\Extensions\Microsoft.Bcl.AsyncInterfaces.dll', returning.
TpTrace Information: 0 : 43592, 1, 2021/07/24, 01:42:39.085, 4455222646189, vstest.console.dll, AssemblyResolver.OnResolve: Microsoft.Bcl.AsyncInterfaces: Assembly path does not exist: 'C:\Program Files\dotnet\sdk\5.0.302\Extensions\Microsoft.Bcl.AsyncInterfaces.exe', returning.
TpTrace Information: 0 : 43592, 1, 2021/07/24, 01:42:39.085, 4455222646548, vstest.console.dll, AssemblyResolver.OnResolve: Microsoft.Bcl.AsyncInterfaces: Searching in: 'C:\Program Files\dotnet\sdk\5.0.302'.
TpTrace Information: 0 : 43592, 1, 2021/07/24, 01:42:39.085, 4455222647135, vstest.console.dll, AssemblyResolver.OnResolve: Microsoft.Bcl.AsyncInterfaces: Assembly path does not exist: 'C:\Program Files\dotnet\sdk\5.0.302\Microsoft.Bcl.AsyncInterfaces.dll', returning.
TpTrace Information: 0 : 43592, 1, 2021/07/24, 01:42:39.085, 4455222647683, vstest.console.dll, AssemblyResolver.OnResolve: Microsoft.Bcl.AsyncInterfaces: Assembly path does not exist: 'C:\Program Files\dotnet\sdk\5.0.302\Microsoft.Bcl.AsyncInterfaces.exe', returning.
TpTrace Information: 0 : 43592, 1, 2021/07/24, 01:42:39.086, 4455222648241, vstest.console.dll, AssemblyResolver.OnResolve: Microsoft.Bcl.AsyncInterfaces: Failed to load assembly.
TpTrace Verbose: 0 : 43592, 1, 2021/07/24, 01:42:39.086, 4455222648629, vstest.console.dll, CurrentDomainAssemblyResolve: Resolving assembly 'Microsoft.Bcl.AsyncInterfaces'.
TpTrace Information: 0 : 43592, 1, 2021/07/24, 01:42:39.086, 4455222649197, vstest.console.dll, AssemblyResolver.OnResolve: Microsoft.Bcl.AsyncInterfaces: Resolving assembly.
TpTrace Information: 0 : 43592, 1, 2021/07/24, 01:42:39.086, 4455222649538, vstest.console.dll, AssemblyResolver.OnResolve: Microsoft.Bcl.AsyncInterfaces: Resolved from cache.
TpTrace Verbose: 0 : 43592, 1, 2021/07/24, 01:42:39.086, 4455222649823, vstest.console.dll, CurrentDomainAssemblyResolve: Resolving assembly 'Microsoft.Bcl.AsyncInterfaces'.
TpTrace Verbose: 0 : 43592, 1, 2021/07/24, 01:42:39.086, 4455222650142, vstest.console.dll, CurrentDomainAssemblyResolve: Failed to resolve assembly 'Microsoft.Bcl.AsyncInterfaces'.
TpTrace Verbose: 0 : 43592, 1, 2021/07/24, 01:42:39.090, 4455222695313, vstest.console.dll, CurrentDomainAssemblyResolve: Failed to resolve assembly 'Microsoft.Bcl.AsyncInterfaces'.
TpTrace Warning: 0 : 43592, 1, 2021/07/24, 01:42:39.144, 4455223234405, vstest.console.dll, TestPluginDiscoverer: Failed to get types from assembly 'Microsoft.Diagnostics.NETCore.Client, Version=0.2.2.41902, Culture=neutral, PublicKeyToken=31bf3856ad364e35'.  Skipping test extension scan for this assembly.  Error: System.Reflection.ReflectionTypeLoadException: Unable to load one or more of the requested types.
Could not load file or assembly 'Microsoft.Bcl.AsyncInterfaces, Version=1.0.0.0, Culture=neutral, PublicKeyToken=cc7b13ffcd2ddd51'. The system cannot find the file specified.
   at System.Reflection.RuntimeModule.GetTypes(RuntimeModule module)
   at System.Reflection.RuntimeModule.GetTypes()
   at System.Reflection.Assembly.GetTypes()
   at Microsoft.VisualStudio.TestPlatform.Common.ExtensionFramework.TestPluginDiscoverer.GetTestExtensionsFromAssembly[TPluginInfo,TExtension](Assembly assembly, Dictionary`2 pluginInfos)
System.IO.FileNotFoundException: Could not load file or assembly 'Microsoft.Bcl.AsyncInterfaces, Version=1.0.0.0, Culture=neutral, PublicKeyToken=cc7b13ffcd2ddd51'. The system cannot find the file specified.
File name: 'Microsoft.Bcl.AsyncInterfaces, Version=1.0.0.0, Culture=neutral, PublicKeyToken=cc7b13ffcd2ddd51'
TpTrace Warning: 0 : 43592, 1, 2021/07/24, 01:42:39.144, 4455223235506, vstest.console.dll, LoaderExceptions: System.IO.FileNotFoundException: Could not load file or assembly 'Microsoft.Bcl.AsyncInterfaces, Version=1.0.0.0, Culture=neutral, PublicKeyToken=cc7b13ffcd2ddd51'. The system cannot find the file specified.
File name: 'Microsoft.Bcl.AsyncInterfaces, Version=1.0.0.0, Culture=neutral, PublicKeyToken=cc7b13ffcd2ddd51'
TpTrace Information: 0 : 43592, 1, 2021/07/24, 01:42:39.144, 4455223236591, vstest.console.dll, AssemblyResolver.OnResolve: Microsoft.TestPlatform.Extensions.BlameDataCollector: Resolving assembly.
TpTrace Information: 0 : 43592, 1, 2021/07/24, 01:42:39.144, 4455223237112, vstest.console.dll, AssemblyResolver.OnResolve: Microsoft.TestPlatform.Extensions.BlameDataCollector: Searching in: 'C:\Program Files\dotnet\sdk\5.0.302\Extensions'.
TpTrace Information: 0 : 43592, 1, 2021/07/24, 01:42:39.147, 4455223260794, vstest.console.dll, AssemblyResolver.OnResolve: Microsoft.TestPlatform.Extensions.BlameDataCollector: Loading assembly 'C:\Program Files\dotnet\sdk\5.0.302\Extensions\Microsoft.TestPlatform.Extensions.BlameDataCollector.dll'.
TpTrace Information: 0 : 43592, 1, 2021/07/24, 01:42:39.148, 4455223270804, vstest.console.dll, AssemblyResolver.OnResolve: Resolved assembly: Microsoft.TestPlatform.Extensions.BlameDataCollector, from path: C:\Program Files\dotnet\sdk\5.0.302\Extensions\Microsoft.TestPlatform.Extensions.BlameDataCollector.dll
TpTrace Information: 0 : 43592, 1, 2021/07/24, 01:42:39.149, 4455223282564, vstest.console.dll, AssemblyResolver.OnResolve: Microsoft.TestPlatform.Extensions.EventLogCollector: Resolving assembly.
TpTrace Information: 0 : 43592, 1, 2021/07/24, 01:42:39.149, 4455223283167, vstest.console.dll, AssemblyResolver.OnResolve: Microsoft.TestPlatform.Extensions.EventLogCollector: Searching in: 'C:\Program Files\dotnet\sdk\5.0.302\Extensions'.
TpTrace Information: 0 : 43592, 1, 2021/07/24, 01:42:39.150, 4455223291239, vstest.console.dll, AssemblyResolver.OnResolve: Microsoft.TestPlatform.Extensions.EventLogCollector: Loading assembly 'C:\Program Files\dotnet\sdk\5.0.302\Extensions\Microsoft.TestPlatform.Extensions.EventLogCollector.dll'.
TpTrace Information: 0 : 43592, 1, 2021/07/24, 01:42:39.150, 4455223295605, vstest.console.dll, AssemblyResolver.OnResolve: Resolved assembly: Microsoft.TestPlatform.Extensions.EventLogCollector, from path: C:\Program Files\dotnet\sdk\5.0.302\Extensions\Microsoft.TestPlatform.Extensions.EventLogCollector.dll
TpTrace Information: 0 : 43592, 1, 2021/07/24, 01:42:39.153, 4455223327484, vstest.console.dll, AssemblyResolver.OnResolve: Microsoft.TestPlatform.TestHostRuntimeProvider: Resolving assembly.
TpTrace Information: 0 : 43592, 1, 2021/07/24, 01:42:39.154, 4455223328764, vstest.console.dll, AssemblyResolver.OnResolve: Microsoft.TestPlatform.TestHostRuntimeProvider: Searching in: 'C:\Program Files\dotnet\sdk\5.0.302\Extensions'.
TpTrace Information: 0 : 43592, 1, 2021/07/24, 01:42:39.156, 4455223353219, vstest.console.dll, AssemblyResolver.OnResolve: Microsoft.TestPlatform.TestHostRuntimeProvider: Loading assembly 'C:\Program Files\dotnet\sdk\5.0.302\Extensions\Microsoft.TestPlatform.TestHostRuntimeProvider.dll'.
TpTrace Information: 0 : 43592, 1, 2021/07/24, 01:42:39.157, 4455223364371, vstest.console.dll, AssemblyResolver.OnResolve: Resolved assembly: Microsoft.TestPlatform.TestHostRuntimeProvider, from path: C:\Program Files\dotnet\sdk\5.0.302\Extensions\Microsoft.TestPlatform.TestHostRuntimeProvider.dll
TpTrace Information: 0 : 43592, 1, 2021/07/24, 01:42:39.159, 4455223380810, vstest.console.dll, AssemblyResolver.OnResolve: Microsoft.VisualStudio.TestPlatform.Extensions.Html.TestLogger: Resolving assembly.
TpTrace Information: 0 : 43592, 1, 2021/07/24, 01:42:39.159, 4455223381349, vstest.console.dll, AssemblyResolver.OnResolve: Microsoft.VisualStudio.TestPlatform.Extensions.Html.TestLogger: Searching in: 'C:\Program Files\dotnet\sdk\5.0.302\Extensions'.
TpTrace Information: 0 : 43592, 1, 2021/07/24, 01:42:39.159, 4455223387781, vstest.console.dll, AssemblyResolver.OnResolve: Microsoft.VisualStudio.TestPlatform.Extensions.Html.TestLogger: Loading assembly 'C:\Program Files\dotnet\sdk\5.0.302\Extensions\Microsoft.VisualStudio.TestPlatform.Extensions.Html.TestLogger.dll'.
TpTrace Information: 0 : 43592, 1, 2021/07/24, 01:42:39.160, 4455223393128, vstest.console.dll, AssemblyResolver.OnResolve: Resolved assembly: Microsoft.VisualStudio.TestPlatform.Extensions.Html.TestLogger, from path: C:\Program Files\dotnet\sdk\5.0.302\Extensions\Microsoft.VisualStudio.TestPlatform.Extensions.Html.TestLogger.dll
TpTrace Information: 0 : 43592, 1, 2021/07/24, 01:42:39.160, 4455223395737, vstest.console.dll, AssemblyResolver.OnResolve: Microsoft.VisualStudio.TestPlatform.Extensions.Trx.TestLogger: Resolving assembly.
TpTrace Information: 0 : 43592, 1, 2021/07/24, 01:42:39.160, 4455223396378, vstest.console.dll, AssemblyResolver.OnResolve: Microsoft.VisualStudio.TestPlatform.Extensions.Trx.TestLogger: Searching in: 'C:\Program Files\dotnet\sdk\5.0.302\Extensions'.
TpTrace Information: 0 : 43592, 1, 2021/07/24, 01:42:39.162, 4455223409926, vstest.console.dll, AssemblyResolver.OnResolve: Microsoft.VisualStudio.TestPlatform.Extensions.Trx.TestLogger: Loading assembly 'C:\Program Files\dotnet\sdk\5.0.302\Extensions\Microsoft.VisualStudio.TestPlatform.Extensions.Trx.TestLogger.dll'.
TpTrace Information: 0 : 43592, 1, 2021/07/24, 01:42:39.163, 4455223425958, vstest.console.dll, AssemblyResolver.OnResolve: Resolved assembly: Microsoft.VisualStudio.TestPlatform.Extensions.Trx.TestLogger, from path: C:\Program Files\dotnet\sdk\5.0.302\Extensions\Microsoft.VisualStudio.TestPlatform.Extensions.Trx.TestLogger.dll
TpTrace Verbose: 0 : 43592, 1, 2021/07/24, 01:42:39.164, 4455223430947, vstest.console.dll, TestPluginCache: Discovered the extensions using extension path ''.
TpTrace Verbose: 0 : 43592, 1, 2021/07/24, 01:42:39.164, 4455223431431, vstest.console.dll, TestPluginCache: Discoverers are ''.
TpTrace Verbose: 0 : 43592, 1, 2021/07/24, 01:42:39.164, 4455223431711, vstest.console.dll, TestPluginCache: Executors are ''.
TpTrace Verbose: 0 : 43592, 1, 2021/07/24, 01:42:39.164, 4455223431958, vstest.console.dll, TestPluginCache: Executors2 are ''.
TpTrace Verbose: 0 : 43592, 1, 2021/07/24, 01:42:39.164, 4455223432194, vstest.console.dll, TestPluginCache: Setting providers are ''.
TpTrace Verbose: 0 : 43592, 1, 2021/07/24, 01:42:39.164, 4455223432430, vstest.console.dll, TestPluginCache: Loggers are ''.
TpTrace Information: 0 : 43592, 1, 2021/07/24, 01:42:39.172, 4455223511072, vstest.console.dll, RunTestsArgumentProcessor:Execute: Test run is starting.
TpTrace Verbose: 0 : 43592, 1, 2021/07/24, 01:42:39.172, 4455223512400, vstest.console.dll, RunTestsArgumentProcessor:Execute: Queuing Test run.
TpTrace Information: 0 : 43592, 1, 2021/07/24, 01:42:39.173, 4455223522389, vstest.console.dll, TestRequestManager.RunTests: run tests started.
TpTrace Information: 0 : 43592, 1, 2021/07/24, 01:42:39.178, 4455223574786, vstest.console.dll, AssemblyMetadataProvider.GetFrameWork: Determined framework:'.NETCoreApp,Version=v3.1' for source: 'C:\Users\Tal\source\repos\Noaa\NoaaTest\bin\Debug\netcoreapp3.1\fine-code-coverage\build-output\NoaaTest.dll'
TpTrace Information: 0 : 43592, 1, 2021/07/24, 01:42:39.178, 4455223576264, vstest.console.dll, Determined framework for all sources: .NETCoreApp,Version=v3.1
TpTrace Information: 0 : 43592, 1, 2021/07/24, 01:42:39.179, 4455223579850, vstest.console.dll, AssemblyMetadataProvider.GetArchitecture: Determined architecture:AnyCPU info for assembly: C:\Users\Tal\source\repos\Noaa\NoaaTest\bin\Debug\netcoreapp3.1\fine-code-coverage\build-output\NoaaTest.dll
TpTrace Information: 0 : 43592, 1, 2021/07/24, 01:42:39.180, 4455223595597, vstest.console.dll, Determined platform for all sources: X64
TpTrace Information: 0 : 43592, 1, 2021/07/24, 01:42:39.182, 4455223616968, vstest.console.dll, Compatible sources list : 
TpTrace Information: 0 : 43592, 1, 2021/07/24, 01:42:39.182, 4455223617583, vstest.console.dll, C:\Users\Tal\source\repos\Noaa\NoaaTest\bin\Debug\netcoreapp3.1\fine-code-coverage\build-output\NoaaTest.dll
TpTrace Information: 0 : 43592, 1, 2021/07/24, 01:42:39.192, 4455223715795, vstest.console.dll, InferRunSettingsHelper.IsTestSettingsEnabled: Unable to navigate to RunSettings/MSTest. Current node: RunSettings
TpTrace Information: 0 : 43592, 1, 2021/07/24, 01:42:39.193, 4455223727791, vstest.console.dll, AssemblyResolver.OnResolve: Microsoft.VisualStudio.TestPlatform.Fakes: Resolving assembly.
TpTrace Information: 0 : 43592, 1, 2021/07/24, 01:42:39.194, 4455223728512, vstest.console.dll, AssemblyResolver.OnResolve: Microsoft.VisualStudio.TestPlatform.Fakes: Searching in: 'C:\Program Files\dotnet\sdk\5.0.302\Extensions'.
TpTrace Information: 0 : 43592, 1, 2021/07/24, 01:42:39.194, 4455223729731, vstest.console.dll, AssemblyResolver.OnResolve: Microsoft.VisualStudio.TestPlatform.Fakes: Assembly path does not exist: 'C:\Program Files\dotnet\sdk\5.0.302\Extensions\Microsoft.VisualStudio.TestPlatform.Fakes.dll', returning.
TpTrace Information: 0 : 43592, 1, 2021/07/24, 01:42:39.194, 4455223730465, vstest.console.dll, AssemblyResolver.OnResolve: Microsoft.VisualStudio.TestPlatform.Fakes: Assembly path does not exist: 'C:\Program Files\dotnet\sdk\5.0.302\Extensions\Microsoft.VisualStudio.TestPlatform.Fakes.exe', returning.
TpTrace Information: 0 : 43592, 1, 2021/07/24, 01:42:39.194, 4455223731059, vstest.console.dll, AssemblyResolver.OnResolve: Microsoft.VisualStudio.TestPlatform.Fakes: Searching in: 'C:\Program Files\dotnet\sdk\5.0.302'.
TpTrace Information: 0 : 43592, 1, 2021/07/24, 01:42:39.194, 4455223732746, vstest.console.dll, AssemblyResolver.OnResolve: Microsoft.VisualStudio.TestPlatform.Fakes: Assembly path does not exist: 'C:\Program Files\dotnet\sdk\5.0.302\Microsoft.VisualStudio.TestPlatform.Fakes.dll', returning.
TpTrace Information: 0 : 43592, 1, 2021/07/24, 01:42:39.194, 4455223733691, vstest.console.dll, AssemblyResolver.OnResolve: Microsoft.VisualStudio.TestPlatform.Fakes: Assembly path does not exist: 'C:\Program Files\dotnet\sdk\5.0.302\Microsoft.VisualStudio.TestPlatform.Fakes.exe', returning.
TpTrace Information: 0 : 43592, 1, 2021/07/24, 01:42:39.194, 4455223734047, vstest.console.dll, AssemblyResolver.OnResolve: Microsoft.VisualStudio.TestPlatform.Fakes: Failed to load assembly.
TpTrace Information: 0 : 43592, 1, 2021/07/24, 01:42:39.196, 4455223751902, vstest.console.dll, Failed to create newly implemented Fakes Configurator. Reason:System.IO.FileNotFoundException: Could not load file or assembly 'Microsoft.VisualStudio.TestPlatform.Fakes, Version=16.0.0.0, Culture=neutral, PublicKeyToken=null'. The system cannot find the file specified.
File name: 'Microsoft.VisualStudio.TestPlatform.Fakes, Version=16.0.0.0, Culture=neutral, PublicKeyToken=null'
   at System.Reflection.RuntimeAssembly.InternalLoad(ObjectHandleOnStack assemblyName, ObjectHandleOnStack requestingAssembly, StackCrawlMarkHandle stackMark, Boolean throwOnFileNotFound, ObjectHandleOnStack assemblyLoadContext, ObjectHandleOnStack retAssembly)
   at System.Reflection.RuntimeAssembly.InternalLoad(AssemblyName assemblyName, RuntimeAssembly requestingAssembly, StackCrawlMark& stackMark, Boolean throwOnFileNotFound, AssemblyLoadContext assemblyLoadContext)
   at System.Reflection.Assembly.Load(AssemblyName assemblyRef)
   at Microsoft.VisualStudio.TestPlatform.Common.Utilities.FakesUtilities.TryGetFakesCrossPlatformDataCollectorConfigurator() 
TpTrace Verbose: 0 : 43592, 1, 2021/07/24, 01:42:39.202, 4455223812777, vstest.console.dll, TestPluginCache.DiscoverTestExtensions: finding test extensions in assemblies ends with: TestLogger.dll TPluginInfo: Microsoft.VisualStudio.TestPlatform.Common.ExtensionFramework.Utilities.TestLoggerPluginInformation TExtension: Microsoft.VisualStudio.TestPlatform.ObjectModel.Client.ITestLogger
TpTrace Verbose: 0 : 43592, 1, 2021/07/24, 01:42:39.202, 4455223814280, vstest.console.dll, TestPluginCache.GetExtensionPaths: Filtered extension paths: 
TpTrace Verbose: 0 : 43592, 1, 2021/07/24, 01:42:39.202, 4455223815143, vstest.console.dll, TestPluginCache.GetExtensionPaths: Added default extension paths: C:\Program Files\dotnet\sdk\5.0.302\Extensions\Microsoft.Diagnostics.NETCore.Client.dll
C:\Program Files\dotnet\sdk\5.0.302\Extensions\Microsoft.TestPlatform.Extensions.BlameDataCollector.dll
C:\Program Files\dotnet\sdk\5.0.302\Extensions\Microsoft.TestPlatform.Extensions.EventLogCollector.dll
C:\Program Files\dotnet\sdk\5.0.302\Extensions\Microsoft.TestPlatform.TestHostRuntimeProvider.dll
C:\Program Files\dotnet\sdk\5.0.302\Extensions\Microsoft.VisualStudio.TestPlatform.Extensions.Html.TestLogger.dll
C:\Program Files\dotnet\sdk\5.0.302\Extensions\Microsoft.VisualStudio.TestPlatform.Extensions.Trx.TestLogger.dll
TpTrace Verbose: 0 : 43592, 1, 2021/07/24, 01:42:39.202, 4455223816438, vstest.console.dll, TestPluginCache.GetExtensionPaths: Added unfilterableExtensionPaths: 
TpTrace Information: 0 : 43592, 1, 2021/07/24, 01:42:39.203, 4455223818548, vstest.console.dll, AssemblyResolver.AddSearchDirectories: Adding more searchDirectories C:\Program Files\dotnet\sdk\5.0.302\Extensions,C:\Program Files\dotnet\sdk\5.0.302
TpTrace Verbose: 0 : 43592, 1, 2021/07/24, 01:42:39.203, 4455223819210, vstest.console.dll, TestPluginCache.DiscoverTestExtensions: Discovering the extensions using extension path.
TpTrace Verbose: 0 : 43592, 1, 2021/07/24, 01:42:39.203, 4455223819680, vstest.console.dll, TestPluginCache.GetExtensionPaths: Filtered extension paths: 
TpTrace Verbose: 0 : 43592, 1, 2021/07/24, 01:42:39.203, 4455223820443, vstest.console.dll, TestPluginCache.GetExtensionPaths: Added default extension paths: C:\Program Files\dotnet\sdk\5.0.302\Extensions\Microsoft.Diagnostics.NETCore.Client.dll
C:\Program Files\dotnet\sdk\5.0.302\Extensions\Microsoft.TestPlatform.Extensions.BlameDataCollector.dll
C:\Program Files\dotnet\sdk\5.0.302\Extensions\Microsoft.TestPlatform.Extensions.EventLogCollector.dll
C:\Program Files\dotnet\sdk\5.0.302\Extensions\Microsoft.TestPlatform.TestHostRuntimeProvider.dll
C:\Program Files\dotnet\sdk\5.0.302\Extensions\Microsoft.VisualStudio.TestPlatform.Extensions.Html.TestLogger.dll
C:\Program Files\dotnet\sdk\5.0.302\Extensions\Microsoft.VisualStudio.TestPlatform.Extensions.Trx.TestLogger.dll
TpTrace Verbose: 0 : 43592, 1, 2021/07/24, 01:42:39.203, 4455223820972, vstest.console.dll, TestPluginCache.GetExtensionPaths: Added unfilterableExtensionPaths: 
TpTrace Verbose: 0 : 43592, 1, 2021/07/24, 01:42:39.203, 4455223821284, vstest.console.dll, TestPluginCache.DiscoverTestExtensions: Discovering the extensions using allExtensionPaths: C:\Program Files\dotnet\sdk\5.0.302\Extensions\Microsoft.Diagnostics.NETCore.Client.dll
C:\Program Files\dotnet\sdk\5.0.302\Extensions\Microsoft.TestPlatform.Extensions.BlameDataCollector.dll
C:\Program Files\dotnet\sdk\5.0.302\Extensions\Microsoft.TestPlatform.Extensions.EventLogCollector.dll
C:\Program Files\dotnet\sdk\5.0.302\Extensions\Microsoft.TestPlatform.TestHostRuntimeProvider.dll
C:\Program Files\dotnet\sdk\5.0.302\Extensions\Microsoft.VisualStudio.TestPlatform.Extensions.Html.TestLogger.dll
C:\Program Files\dotnet\sdk\5.0.302\Extensions\Microsoft.VisualStudio.TestPlatform.Extensions.Trx.TestLogger.dll
TpTrace Information: 0 : 43592, 1, 2021/07/24, 01:42:39.203, 4455223821743, vstest.console.dll, AssemblyResolver.AddSearchDirectories: Adding more searchDirectories C:\Program Files\dotnet\sdk\5.0.302\Extensions,C:\Program Files\dotnet\sdk\5.0.302
TpTrace Information: 0 : 43592, 1, 2021/07/24, 01:42:39.203, 4455223822059, vstest.console.dll, AssemblyResolver.AddSearchDirectories: Adding more searchDirectories C:\Program Files\dotnet\sdk\5.0.302\Extensions,C:\Program Files\dotnet\sdk\5.0.302
TpTrace Information: 0 : 43592, 1, 2021/07/24, 01:42:39.203, 4455223822497, vstest.console.dll, AssemblyResolver.AddSearchDirectories: Adding more searchDirectories C:\Program Files\dotnet\sdk\5.0.302\Extensions,C:\Program Files\dotnet\sdk\5.0.302
TpTrace Information: 0 : 43592, 1, 2021/07/24, 01:42:39.203, 4455223822809, vstest.console.dll, AssemblyResolver.AddSearchDirectories: Adding more searchDirectories C:\Program Files\dotnet\sdk\5.0.302\Extensions,C:\Program Files\dotnet\sdk\5.0.302
TpTrace Information: 0 : 43592, 1, 2021/07/24, 01:42:39.203, 4455223823088, vstest.console.dll, AssemblyResolver.AddSearchDirectories: Adding more searchDirectories C:\Program Files\dotnet\sdk\5.0.302\Extensions,C:\Program Files\dotnet\sdk\5.0.302
TpTrace Information: 0 : 43592, 1, 2021/07/24, 01:42:39.203, 4455223823353, vstest.console.dll, AssemblyResolver.AddSearchDirectories: Adding more searchDirectories C:\Program Files\dotnet\sdk\5.0.302\Extensions,C:\Program Files\dotnet\sdk\5.0.302
TpTrace Information: 0 : 43592, 1, 2021/07/24, 01:42:39.203, 4455223825941, vstest.console.dll, AssemblyResolver.OnResolve: Microsoft.Bcl.AsyncInterfaces: Resolving assembly.
TpTrace Information: 0 : 43592, 1, 2021/07/24, 01:42:39.203, 4455223826517, vstest.console.dll, AssemblyResolver.OnResolve: Microsoft.Bcl.AsyncInterfaces: Resolved from cache.
TpTrace Verbose: 0 : 43592, 1, 2021/07/24, 01:42:39.203, 4455223826841, vstest.console.dll, CurrentDomainAssemblyResolve: Resolving assembly 'Microsoft.Bcl.AsyncInterfaces'.
TpTrace Information: 0 : 43592, 1, 2021/07/24, 01:42:39.203, 4455223827384, vstest.console.dll, AssemblyResolver.OnResolve: Microsoft.Bcl.AsyncInterfaces: Resolving assembly.
TpTrace Information: 0 : 43592, 1, 2021/07/24, 01:42:39.203, 4455223827693, vstest.console.dll, AssemblyResolver.OnResolve: Microsoft.Bcl.AsyncInterfaces: Resolved from cache.
TpTrace Verbose: 0 : 43592, 1, 2021/07/24, 01:42:39.204, 4455223828266, vstest.console.dll, CurrentDomainAssemblyResolve: Resolving assembly 'Microsoft.Bcl.AsyncInterfaces'.
TpTrace Verbose: 0 : 43592, 1, 2021/07/24, 01:42:39.204, 4455223828632, vstest.console.dll, CurrentDomainAssemblyResolve: Failed to resolve assembly 'Microsoft.Bcl.AsyncInterfaces'.
TpTrace Verbose: 0 : 43592, 1, 2021/07/24, 01:42:39.204, 4455223830310, vstest.console.dll, CurrentDomainAssemblyResolve: Failed to resolve assembly 'Microsoft.Bcl.AsyncInterfaces'.
TpTrace Warning: 0 : 43592, 1, 2021/07/24, 01:42:39.204, 4455223833353, vstest.console.dll, TestPluginDiscoverer: Failed to get types from assembly 'Microsoft.Diagnostics.NETCore.Client, Version=0.2.2.41902, Culture=neutral, PublicKeyToken=31bf3856ad364e35'.  Skipping test extension scan for this assembly.  Error: System.Reflection.ReflectionTypeLoadException: Unable to load one or more of the requested types.
Could not load file or assembly 'Microsoft.Bcl.AsyncInterfaces, Version=1.0.0.0, Culture=neutral, PublicKeyToken=cc7b13ffcd2ddd51'. The system cannot find the file specified.
   at System.Reflection.RuntimeModule.GetTypes(RuntimeModule module)
   at System.Reflection.RuntimeModule.GetTypes()
   at System.Reflection.Assembly.GetTypes()
   at Microsoft.VisualStudio.TestPlatform.Common.ExtensionFramework.TestPluginDiscoverer.GetTestExtensionsFromAssembly[TPluginInfo,TExtension](Assembly assembly, Dictionary`2 pluginInfos)
System.IO.FileNotFoundException: Could not load file or assembly 'Microsoft.Bcl.AsyncInterfaces, Version=1.0.0.0, Culture=neutral, PublicKeyToken=cc7b13ffcd2ddd51'. The system cannot find the file specified.
File name: 'Microsoft.Bcl.AsyncInterfaces, Version=1.0.0.0, Culture=neutral, PublicKeyToken=cc7b13ffcd2ddd51'
TpTrace Warning: 0 : 43592, 1, 2021/07/24, 01:42:39.204, 4455223834020, vstest.console.dll, LoaderExceptions: System.IO.FileNotFoundException: Could not load file or assembly 'Microsoft.Bcl.AsyncInterfaces, Version=1.0.0.0, Culture=neutral, PublicKeyToken=cc7b13ffcd2ddd51'. The system cannot find the file specified.
File name: 'Microsoft.Bcl.AsyncInterfaces, Version=1.0.0.0, Culture=neutral, PublicKeyToken=cc7b13ffcd2ddd51'
TpTrace Verbose: 0 : 43592, 1, 2021/07/24, 01:42:39.204, 4455223837701, vstest.console.dll, TestPluginCache: Discovered the extensions using extension path ''.
TpTrace Verbose: 0 : 43592, 1, 2021/07/24, 01:42:39.205, 4455223838096, vstest.console.dll, TestPluginCache: Discoverers are ''.
TpTrace Verbose: 0 : 43592, 1, 2021/07/24, 01:42:39.205, 4455223838396, vstest.console.dll, TestPluginCache: Executors are ''.
TpTrace Verbose: 0 : 43592, 1, 2021/07/24, 01:42:39.205, 4455223838627, vstest.console.dll, TestPluginCache: Executors2 are ''.
TpTrace Verbose: 0 : 43592, 1, 2021/07/24, 01:42:39.205, 4455223838994, vstest.console.dll, TestPluginCache: Setting providers are ''.
TpTrace Verbose: 0 : 43592, 1, 2021/07/24, 01:42:39.205, 4455223839702, vstest.console.dll, TestPluginCache: Loggers are 'logger://Microsoft/TestPlatform/Extensions/Blame/v1,logger://Microsoft/TestPlatform/HtmlLogger/v1,logger://Microsoft/TestPlatform/TrxLogger/v1'.
TpTrace Information: 0 : 43592, 1, 2021/07/24, 01:42:39.205, 4455223846259, vstest.console.dll, TestPluginManager.CreateTestExtension: Attempting to load test extension: Microsoft.TestPlatform.Extensions.BlameDataCollector.BlameLogger
TpTrace Information: 0 : 43592, 1, 2021/07/24, 01:42:39.214, 4455223934294, vstest.console.dll, TestPluginManager.CreateTestExtension: Attempting to load test extension: Microsoft.VisualStudio.TestPlatform.CrossPlatEngine.Hosting.DefaultTestHostManager
TpTrace Information: 0 : 43592, 1, 2021/07/24, 01:42:39.214, 4455223936700, vstest.console.dll, TestPluginManager.CreateTestExtension: Attempting to load test extension: Microsoft.VisualStudio.TestPlatform.CrossPlatEngine.Hosting.DotnetTestHostManager
TpTrace Verbose: 0 : 43592, 1, 2021/07/24, 01:42:39.215, 4455223941703, vstest.console.dll, TestEngine: Initializing Parallel Execution as MaxCpuCount is set to: 1
TpTrace Information: 0 : 43592, 1, 2021/07/24, 01:42:39.215, 4455223946170, vstest.console.dll, InferRunSettingsHelper.IsTestSettingsEnabled: Unable to navigate to RunSettings/MSTest. Current node: RunSettings
TpTrace Verbose: 0 : 43592, 1, 2021/07/24, 01:42:39.248, 4455224269621, vstest.console.dll, TestRequestSender is acting as server
TpTrace Verbose: 0 : 43592, 4, 2021/07/24, 01:42:39.254, 4455224336718, vstest.console.dll, DataCollectionRequestSender.InitializeCommunication : Initialize communication. 
TpTrace Information: 0 : 43592, 4, 2021/07/24, 01:42:39.268, 4455224471647, vstest.console.dll, Listening on Endpoint : 127.0.0.1:53673
TpTrace Verbose: 0 : 43592, 4, 2021/07/24, 01:42:39.278, 4455224575596, vstest.console.dll, DotnetDataCollectionLauncher: Full path of dotnet.exe is C:\Program Files\dotnet\dotnet.exe
TpTrace Verbose: 0 : 43592, 4, 2021/07/24, 01:42:39.278, 4455224577360, vstest.console.dll, DotnetDataCollectionLauncher: Adding  --runtimeconfig "C:\Program Files\dotnet\sdk\5.0.302\datacollector.runtimeconfig.json" in args
TpTrace Verbose: 0 : 43592, 4, 2021/07/24, 01:42:39.279, 4455224578540, vstest.console.dll, DotnetDataCollectionLauncher: Adding  --depsfile "C:\Program Files\dotnet\sdk\5.0.302\datacollector.deps.json" in args
TpTrace Information: 0 : 43592, 4, 2021/07/24, 01:42:39.287, 4455224658865, vstest.console.dll, ProxyDataCollectionManager.Initialize: Launched datacollector processId: 26024 port: 53673
TpTrace Information: 0 : 43592, 4, 2021/07/24, 01:42:39.287, 4455224660157, vstest.console.dll, ProxyDataCollectionManager.Initialize: waiting for connection with timeout: 90 seconds
TpTrace Verbose: 0 : 43592, 4, 2021/07/24, 01:42:39.287, 4455224660869, vstest.console.dll, DataCollectionRequestSender.WaitForRequestHandlerConnection : Waiting for connection with timeout: 90000
TpTrace Information: 0 : 43592, 7, 2021/07/24, 01:42:39.450, 4455226296517, vstest.console.dll, Using the buffer size of 16384 bytes
TpTrace Information: 0 : 43592, 7, 2021/07/24, 01:42:39.450, 4455226297468, vstest.console.dll, Accepted Client request and set the flag
TpTrace Verbose: 0 : 43592, 4, 2021/07/24, 01:42:39.451, 4455226300788, vstest.console.dll, ProxyDataCollectionManager.InvokeDataCollectionServiceAction: Starting.
TpTrace Information: 0 : 43592, 4, 2021/07/24, 01:42:39.451, 4455226301679, vstest.console.dll, ProxyDataCollectionManager.BeforeTestRunStart: Get environment variable and port for datacollector processId: 26024 port: 53673
TpTrace Verbose: 0 : 43592, 4, 2021/07/24, 01:42:39.451, 4455226302709, vstest.console.dll, DataCollectionRequestSender.SendBeforeTestRunStartAndGetResult : Send BeforeTestRunStart message with settingsXml <RunSettings><RunConfiguration><ResultsDirectory>C:\Users\Tal\source\repos\Noaa\NoaaTest\bin\Debug\netcoreapp3.1\fine-code-coverage\coverage-tool-output</ResultsDirectory><TargetPlatform>X64</TargetPlatform><TargetFrameworkVersion>.NETCoreApp,Version=v3.1</TargetFrameworkVersion><DesignMode>False</DesignMode><CollectSourceInformation>False</CollectSourceInformation><TestAdaptersPaths>C:\Program Files\dotnet\sdk\5.0.302\Extensions</TestAdaptersPaths></RunConfiguration><LoggerRunSettings><Loggers><Logger friendlyName="blame" enabled="True" /><Logger friendlyName="Console" uri="logger://microsoft/TestPlatform/ConsoleLogger/v1" assemblyQualifiedName="Microsoft.VisualStudio.TestPlatform.CommandLine.Internal.ConsoleLogger, vstest.console, Version=15.0.0.0, Culture=neutral, PublicKeyToken=b03f5f7f11d50a3a" codeBase="C:\Program Files\dotnet\sdk\5.0.302\vstest.console.dll" enabled="True" /></Loggers></LoggerRunSettings><DataCollectionRunSettings><DataCollectors><DataCollector friendlyName="blame" enabled="True"><Configuration><ResultsDirectory>C:\Users\Tal\source\repos\Noaa\NoaaTest\bin\Debug\netcoreapp3.1\fine-code-coverage\coverage-tool-output</ResultsDirectory></Configuration></DataCollector></DataCollectors></DataCollectionRunSettings></RunSettings> and sources System.Linq.Enumerable+Concat2Iterator`1[System.String]: 
TpTrace Verbose: 0 : 43592, 4, 2021/07/24, 01:42:39.561, 4455227407338, vstest.console.dll, DataCollectionRequestSender.SendBeforeTestRunStartAndGetResult : Received message: (DataCollection.SendMessage) -> {
  "FriendlyName": null,
  "Uri": null,
  "TestCaseId": "00000000-0000-0000-0000-000000000000",
  "Message": "Logging DataCollector Diagnostics in file: C:\\Users\\Tal\\source\\repos\\Noaa\\NoaaTest\\bin\\Debug\\netcoreapp3.1\\fine-code-coverage\\coverage-tool-output\\diagnostics.datacollector.21-07-24_01-42-39_27441_4.log",
  "Level": 0
}
TpTrace Verbose: 0 : 43592, 4, 2021/07/24, 01:42:39.632, 4455228114802, vstest.console.dll, DataCollectionRequestSender.SendBeforeTestRunStartAndGetResult : Received message: (DataCollection.BeforeTestRunStartResult) -> {
  "EnvironmentVariables": {},
  "DataCollectionEventsPort": 53675
}
TpTrace Information: 0 : 43592, 4, 2021/07/24, 01:42:39.636, 4455228155417, vstest.console.dll, ProxyDataCollectionManager.BeforeTestRunStart: SendBeforeTestRunStartAndGetResult successful, env variable from datacollector:   and testhost port: 53675
TpTrace Information: 0 : 43592, 4, 2021/07/24, 01:42:39.636, 4455228156384, vstest.console.dll, ProxyDataCollectionManager.InvokeDataCollectionServiceAction: Completed.
TpTrace Verbose: 0 : 43592, 1, 2021/07/24, 01:42:39.636, 4455228157483, vstest.console.dll, TestRunRequest.ExecuteAsync: Creating test run request.
TpTrace Verbose: 0 : 43592, 1, 2021/07/24, 01:42:39.637, 4455228167939, vstest.console.dll, TestRunRequest.ExecuteAsync: Starting.
TpTrace Information: 0 : 43592, 1, 2021/07/24, 01:42:39.638, 4455228173935, vstest.console.dll, TestRunRequest.ExecuteAsync: Starting run with settings:TestRunCriteria:
   KeepAlive=False,FrequencyOfRunStatsChangeEvent=10,RunStatsChangeEventTimeout=00:00:01.5000000,TestCaseFilter=,TestExecutorLauncher=
   Settingsxml=<RunSettings>
  <RunConfiguration>
    <ResultsDirectory>C:\Users\Tal\source\repos\Noaa\NoaaTest\bin\Debug\netcoreapp3.1\fine-code-coverage\coverage-tool-output</ResultsDirectory>
    <TargetPlatform>X64</TargetPlatform>
    <TargetFrameworkVersion>.NETCoreApp,Version=v3.1</TargetFrameworkVersion>
    <DesignMode>False</DesignMode>
    <CollectSourceInformation>False</CollectSourceInformation>
  </RunConfiguration>
  <LoggerRunSettings>
    <Loggers>
      <Logger friendlyName="blame" enabled="True" />
      <Logger friendlyName="Console" uri="logger://microsoft/TestPlatform/ConsoleLogger/v1" assemblyQualifiedName="Microsoft.VisualStudio.TestPlatform.CommandLine.Internal.ConsoleLogger, vstest.console, Version=15.0.0.0, Culture=neutral, PublicKeyToken=b03f5f7f11d50a3a" codeBase="C:\Program Files\dotnet\sdk\5.0.302\vstest.console.dll" enabled="True" />
    </Loggers>
  </LoggerRunSettings>
  <DataCollectionRunSettings>
    <DataCollectors>
      <DataCollector friendlyName="blame" enabled="True">
        <Configuration>
          <ResultsDirectory>C:\Users\Tal\source\repos\Noaa\NoaaTest\bin\Debug\netcoreapp3.1\fine-code-coverage\coverage-tool-output</ResultsDirectory>
        </Configuration>
      </DataCollector>
    </DataCollectors>
  </DataCollectionRunSettings>
</RunSettings>

TpTrace Verbose: 0 : 43592, 1, 2021/07/24, 01:42:39.638, 4455228174552, vstest.console.dll, TestRunRequest.ExecuteAsync: Wait for the first run request is over.
TpTrace Verbose: 0 : 43592, 1, 2021/07/24, 01:42:39.639, 4455228178058, vstest.console.dll, ParallelProxyExecutionManager: Start execution. Total sources: 1
TpTrace Information: 0 : 43592, 1, 2021/07/24, 01:42:39.639, 4455228186377, vstest.console.dll, ProxyParallelExecutionManager: Triggering test run for next source: C:\Users\Tal\source\repos\Noaa\NoaaTest\bin\Debug\netcoreapp3.1\fine-code-coverage\build-output\NoaaTest.dll
TpTrace Verbose: 0 : 43592, 4, 2021/07/24, 01:42:39.640, 4455228188394, vstest.console.dll, ParallelProxyExecutionManager: Execution started. Started clients: 1
TpTrace Verbose: 0 : 43592, 1, 2021/07/24, 01:42:39.640, 4455228188949, vstest.console.dll, ProxyParallelExecutionManager: No sources available for execution.
TpTrace Information: 0 : 43592, 1, 2021/07/24, 01:42:39.640, 4455228189603, vstest.console.dll, TestRunRequest.ExecuteAsync: Started.
TpTrace Verbose: 0 : 43592, 1, 2021/07/24, 01:42:39.640, 4455228190248, vstest.console.dll, TestRunRequest.WaitForCompletion: Waiting with timeout -1.
TpTrace Verbose: 0 : 43592, 4, 2021/07/24, 01:42:39.640, 4455228190546, vstest.console.dll, TestRunRequest:SendTestRunMessage: Starting.
TpTrace Information: 0 : 43592, 4, 2021/07/24, 01:42:39.640, 4455228191629, vstest.console.dll, TestRunRequest:SendTestRunMessage: Completed.
TpTrace Verbose: 0 : 43592, 4, 2021/07/24, 01:42:39.640, 4455228193238, vstest.console.dll, ProxyExecutionManager: Test host is always Lazy initialize.
TpTrace Verbose: 0 : 43592, 4, 2021/07/24, 01:42:39.640, 4455228195006, vstest.console.dll, TestRequestSender.InitializeCommunication: initialize communication. 
TpTrace Information: 0 : 43592, 4, 2021/07/24, 01:42:39.641, 4455228199732, vstest.console.dll, SocketServer.Start: Listening on endpoint : 127.0.0.1:53676
TpTrace Verbose: 0 : 43592, 4, 2021/07/24, 01:42:39.642, 4455228209303, vstest.console.dll, DotnetTestHostmanager: Adding  --runtimeconfig "C:\Users\Tal\source\repos\Noaa\NoaaTest\bin\Debug\netcoreapp3.1\fine-code-coverage\build-output\NoaaTest.runtimeconfig.json" in args
TpTrace Verbose: 0 : 43592, 4, 2021/07/24, 01:42:39.642, 4455228210322, vstest.console.dll, DotnetTestHostmanager: Adding  --depsfile "C:\Users\Tal\source\repos\Noaa\NoaaTest\bin\Debug\netcoreapp3.1\fine-code-coverage\build-output\NoaaTest.deps.json" in args
TpTrace Information: 0 : 43592, 4, 2021/07/24, 01:42:39.642, 4455228212892, vstest.console.dll, AssemblyResolver.OnResolve: Microsoft.Extensions.DependencyModel: Resolving assembly.
TpTrace Information: 0 : 43592, 4, 2021/07/24, 01:42:39.642, 4455228213420, vstest.console.dll, AssemblyResolver.OnResolve: Microsoft.Extensions.DependencyModel: Searching in: 'C:\Program Files\dotnet\sdk\5.0.302\Extensions'.
TpTrace Information: 0 : 43592, 4, 2021/07/24, 01:42:39.642, 4455228214193, vstest.console.dll, AssemblyResolver.OnResolve: Microsoft.Extensions.DependencyModel: Assembly path does not exist: 'C:\Program Files\dotnet\sdk\5.0.302\Extensions\Microsoft.Extensions.DependencyModel.dll', returning.
TpTrace Information: 0 : 43592, 4, 2021/07/24, 01:42:39.642, 4455228214902, vstest.console.dll, AssemblyResolver.OnResolve: Microsoft.Extensions.DependencyModel: Assembly path does not exist: 'C:\Program Files\dotnet\sdk\5.0.302\Extensions\Microsoft.Extensions.DependencyModel.exe', returning.
TpTrace Information: 0 : 43592, 4, 2021/07/24, 01:42:39.642, 4455228215324, vstest.console.dll, AssemblyResolver.OnResolve: Microsoft.Extensions.DependencyModel: Searching in: 'C:\Program Files\dotnet\sdk\5.0.302'.
TpTrace Information: 0 : 43592, 4, 2021/07/24, 01:42:39.644, 4455228230236, vstest.console.dll, AssemblyResolver.OnResolve: Microsoft.Extensions.DependencyModel: Loading assembly 'C:\Program Files\dotnet\sdk\5.0.302\Microsoft.Extensions.DependencyModel.dll'.
TpTrace Information: 0 : 43592, 4, 2021/07/24, 01:42:39.645, 4455228244798, vstest.console.dll, AssemblyResolver.OnResolve: Resolved assembly: Microsoft.Extensions.DependencyModel, from path: C:\Program Files\dotnet\sdk\5.0.302\Microsoft.Extensions.DependencyModel.dll
TpTrace Verbose: 0 : 43592, 4, 2021/07/24, 01:42:39.646, 4455228249087, vstest.console.dll, DotnetTestHostmanager: Reading file C:\Users\Tal\source\repos\Noaa\NoaaTest\bin\Debug\netcoreapp3.1\fine-code-coverage\build-output\NoaaTest.deps.json to get path of testhost.dll
TpTrace Verbose: 0 : 43592, 4, 2021/07/24, 01:42:39.673, 4455228521671, vstest.console.dll, DotnetTestHostmanager: Relative path of testhost.dll with respect to package folder is microsoft.testplatform.testhost/16.5.0\lib/netcoreapp2.1/testhost.dll
TpTrace Verbose: 0 : 43592, 4, 2021/07/24, 01:42:39.673, 4455228527786, vstest.console.dll, DotnetTestHostmanager: Looking for path microsoft.testplatform.testhost/16.5.0\lib/netcoreapp2.1/testhost.dll in folder C:\Users\Tal\.dotnet\store\|arch|\|tfm|
TpTrace Verbose: 0 : 43592, 4, 2021/07/24, 01:42:39.674, 4455228528966, vstest.console.dll, DotnetTestHostmanager: Looking for path microsoft.testplatform.testhost/16.5.0\lib/netcoreapp2.1/testhost.dll in folder C:\Users\Tal\.nuget\packages
TpTrace Verbose: 0 : 43592, 4, 2021/07/24, 01:42:39.674, 4455228530783, vstest.console.dll, DotnetTestHostManager: Testhost.exe/testhost.x86.exe found at path: C:\Users\Tal\.nuget\packages\microsoft.testplatform.testhost\16.5.0\build\netcoreapp2.1\x64\testhost.exe
TpTrace Verbose: 0 : 43592, 4, 2021/07/24, 01:42:39.674, 4455228531319, vstest.console.dll, DotnetTestHostmanager: Full path of host exe is C:\Users\Tal\.nuget\packages\microsoft.testplatform.testhost\16.5.0\build\netcoreapp2.1\x64\testhost.exe
TpTrace Verbose: 0 : 43592, 6, 2021/07/24, 01:42:39.675, 4455228538412, vstest.console.dll, DotnetTestHostManager: Starting process 'C:\Users\Tal\.nuget\packages\microsoft.testplatform.testhost\16.5.0\build\netcoreapp2.1\x64\testhost.exe' with command line ' --runtimeconfig "C:\Users\Tal\source\repos\Noaa\NoaaTest\bin\Debug\netcoreapp3.1\fine-code-coverage\build-output\NoaaTest.runtimeconfig.json" --depsfile "C:\Users\Tal\source\repos\Noaa\NoaaTest\bin\Debug\netcoreapp3.1\fine-code-coverage\build-output\NoaaTest.deps.json" --port 53676 --endpoint 127.0.0.1:053676 --role client --parentprocessid 43592 --diag "C:\Users\Tal\source\repos\Noaa\NoaaTest\bin\Debug\netcoreapp3.1\fine-code-coverage\coverage-tool-output\diagnostics.host.21-07-24_01-42-39_64145_4.log" --tracelevel 4 --datacollectionport 53675 --telemetryoptedin false'
TpTrace Verbose: 0 : 43592, 6, 2021/07/24, 01:42:39.679, 4455228581166, vstest.console.dll, Test Runtime launched
TpTrace Verbose: 0 : 43592, 4, 2021/07/24, 01:42:39.679, 4455228587974, vstest.console.dll, TestRequestSender.WaitForRequestHandlerConnection: waiting for connection with timeout: 90000
TpTrace Verbose: 0 : 43592, 6, 2021/07/24, 01:42:39.860, 4455230389216, vstest.console.dll, SocketServer.OnClientConnected: Client connected for endPoint: 127.0.0.1:53676, starting MessageLoopAsync:
TpTrace Verbose: 0 : 43592, 14, 2021/07/24, 01:42:39.860, 4455230392052, vstest.console.dll, TcpClientExtensions.MessageLoopAsync: Polling on remoteEndPoint: 127.0.0.1:54106 localEndPoint: 127.0.0.1:53676
TpTrace Verbose: 0 : 43592, 14, 2021/07/24, 01:42:39.989, 4455231680478, vstest.console.dll, TcpClientExtensions.MessageLoopAsync: NotifyDataAvailable remoteEndPoint: 127.0.0.1:54106 localEndPoint: 127.0.0.1:53676
TpTrace Verbose: 0 : 43592, 14, 2021/07/24, 01:42:39.989, 4455231685511, vstest.console.dll, TestRequestSender.CheckVersionWithTestHost: onMessageReceived received message: (ProtocolVersion) -> 2
TpTrace Verbose: 0 : 43592, 14, 2021/07/24, 01:42:39.990, 4455231689322, vstest.console.dll, TcpClientExtensions.MessageLoopAsync: Polling on remoteEndPoint: 127.0.0.1:54106 localEndPoint: 127.0.0.1:53676
TpTrace Verbose: 0 : 43592, 4, 2021/07/24, 01:42:39.990, 4455231690246, vstest.console.dll, TestPluginCache.GetExtensionPaths: Filtered extension paths: 
TpTrace Verbose: 0 : 43592, 4, 2021/07/24, 01:42:39.990, 4455231691245, vstest.console.dll, TestPluginCache.GetExtensionPaths: Added default extension paths: C:\Program Files\dotnet\sdk\5.0.302\Extensions\Microsoft.Diagnostics.NETCore.Client.dll
C:\Program Files\dotnet\sdk\5.0.302\Extensions\Microsoft.TestPlatform.Extensions.BlameDataCollector.dll
C:\Program Files\dotnet\sdk\5.0.302\Extensions\Microsoft.TestPlatform.Extensions.EventLogCollector.dll
C:\Program Files\dotnet\sdk\5.0.302\Extensions\Microsoft.TestPlatform.TestHostRuntimeProvider.dll
C:\Program Files\dotnet\sdk\5.0.302\Extensions\Microsoft.VisualStudio.TestPlatform.Extensions.Html.TestLogger.dll
C:\Program Files\dotnet\sdk\5.0.302\Extensions\Microsoft.VisualStudio.TestPlatform.Extensions.Trx.TestLogger.dll
TpTrace Verbose: 0 : 43592, 4, 2021/07/24, 01:42:39.990, 4455231691849, vstest.console.dll, TestPluginCache.GetExtensionPaths: Added unfilterableExtensionPaths: 
TpTrace Verbose: 0 : 43592, 4, 2021/07/24, 01:42:39.993, 4455231722837, vstest.console.dll, TestRequestSender.InitializeExecution: Sending initializing execution with message: {"Version":2,"MessageType":"TestExecution.Initialize","Payload":["C:\\Users\\Tal\\source\\repos\\Noaa\\NoaaTest\\bin\\Debug\\netcoreapp3.1\\fine-code-coverage\\build-output\\xunit.runner.visualstudio.dotnetcore.testadapter.dll"]}
TpTrace Verbose: 0 : 43592, 4, 2021/07/24, 01:42:40.000, 4455231792914, vstest.console.dll, TestRequestSender.StartTestRun: Sending test run with message: {"Version":2,"MessageType":"TestExecution.StartWithSources","Payload":{"AdapterSourceMap":{"_none_":["C:\\Users\\Tal\\source\\repos\\Noaa\\NoaaTest\\bin\\Debug\\netcoreapp3.1\\fine-code-coverage\\build-output\\NoaaTest.dll"]},"RunSettings":"<RunSettings>\r\n  <RunConfiguration>\r\n    <ResultsDirectory>C:\\Users\\Tal\\source\\repos\\Noaa\\NoaaTest\\bin\\Debug\\netcoreapp3.1\\fine-code-coverage\\coverage-tool-output</ResultsDirectory>\r\n    <TargetPlatform>X64</TargetPlatform>\r\n    <TargetFrameworkVersion>.NETCoreApp,Version=v3.1</TargetFrameworkVersion>\r\n    <DesignMode>False</DesignMode>\r\n    <CollectSourceInformation>False</CollectSourceInformation>\r\n  </RunConfiguration>\r\n  <LoggerRunSettings>\r\n    <Loggers>\r\n      <Logger friendlyName=\"blame\" enabled=\"True\" />\r\n      <Logger friendlyName=\"Console\" uri=\"logger://microsoft/TestPlatform/ConsoleLogger/v1\" assemblyQualifiedName=\"Microsoft.VisualStudio.TestPlatform.CommandLine.Internal.ConsoleLogger, vstest.console, Version=15.0.0.0, Culture=neutral, PublicKeyToken=b03f5f7f11d50a3a\" codeBase=\"C:\\Program Files\\dotnet\\sdk\\5.0.302\\vstest.console.dll\" enabled=\"True\" />\r\n    </Loggers>\r\n  </LoggerRunSettings>\r\n  <DataCollectionRunSettings>\r\n    <DataCollectors>\r\n      <DataCollector friendlyName=\"blame\" enabled=\"True\">\r\n        <Configuration>\r\n          <ResultsDirectory>C:\\Users\\Tal\\source\\repos\\Noaa\\NoaaTest\\bin\\Debug\\netcoreapp3.1\\fine-code-coverage\\coverage-tool-output</ResultsDirectory>\r\n        </Configuration>\r\n      </DataCollector>\r\n    </DataCollectors>\r\n  </DataCollectionRunSettings>\r\n</RunSettings>","TestExecutionContext":{"FrequencyOfRunStatsChangeEvent":10,"RunStatsChangeEventTimeout":"00:00:01.5000000","InIsolation":false,"KeepAlive":false,"AreTestCaseLevelEventsRequired":false,"IsDebug":false,"TestCaseFilter":null,"FilterOptions":null},"Package":null}}
TpTrace Verbose: 0 : 43592, 14, 2021/07/24, 01:42:40.000, 4455231795623, vstest.console.dll, TcpClientExtensions.MessageLoopAsync: NotifyDataAvailable remoteEndPoint: 127.0.0.1:54106 localEndPoint: 127.0.0.1:53676
TpTrace Verbose: 0 : 43592, 14, 2021/07/24, 01:42:40.000, 4455231796841, vstest.console.dll, TestRequestSender.OnExecutionMessageReceived: Received message: {"Version":2,"MessageType":"TestSession.Message","Payload":{"MessageLevel":0,"Message":"Logging TestHost Diagnostics in file: C:\\Users\\Tal\\source\\repos\\Noaa\\NoaaTest\\bin\\Debug\\netcoreapp3.1\\fine-code-coverage\\coverage-tool-output\\diagnostics.host.21-07-24_01-42-39_64145_4.log"}}
TpTrace Verbose: 0 : 43592, 14, 2021/07/24, 01:42:40.002, 4455231811506, vstest.console.dll, TestRunRequest:SendTestRunMessage: Starting.
TpTrace Information: 0 : 43592, 14, 2021/07/24, 01:42:40.002, 4455231812322, vstest.console.dll, TestRunRequest:SendTestRunMessage: Completed.
TpTrace Verbose: 0 : 43592, 14, 2021/07/24, 01:42:40.002, 4455231812680, vstest.console.dll, TcpClientExtensions.MessageLoopAsync: Polling on remoteEndPoint: 127.0.0.1:54106 localEndPoint: 127.0.0.1:53676
TpTrace Verbose: 0 : 43592, 14, 2021/07/24, 01:42:40.145, 4455233241447, vstest.console.dll, TcpClientExtensions.MessageLoopAsync: NotifyDataAvailable remoteEndPoint: 127.0.0.1:54106 localEndPoint: 127.0.0.1:53676
TpTrace Verbose: 0 : 43592, 14, 2021/07/24, 01:42:40.145, 4455233242809, vstest.console.dll, TestRequestSender.OnExecutionMessageReceived: Received message: {"Version":2,"MessageType":"TestSession.Message","Payload":{"MessageLevel":0,"Message":"[xUnit.net 00:00:00.00] xUnit.net VSTest Adapter v2.4.0 (64-bit .NET Core 3.1.17)"}}
TpTrace Verbose: 0 : 43592, 14, 2021/07/24, 01:42:40.145, 4455233244918, vstest.console.dll, TestRunRequest:SendTestRunMessage: Starting.
TpTrace Information: 0 : 43592, 14, 2021/07/24, 01:42:40.145, 4455233245599, vstest.console.dll, TestRunRequest:SendTestRunMessage: Completed.
TpTrace Verbose: 0 : 43592, 14, 2021/07/24, 01:42:40.145, 4455233245998, vstest.console.dll, TcpClientExtensions.MessageLoopAsync: Polling on remoteEndPoint: 127.0.0.1:54106 localEndPoint: 127.0.0.1:53676
TpTrace Verbose: 0 : 43592, 14, 2021/07/24, 01:42:40.517, 4455236967243, vstest.console.dll, TcpClientExtensions.MessageLoopAsync: NotifyDataAvailable remoteEndPoint: 127.0.0.1:54106 localEndPoint: 127.0.0.1:53676
TpTrace Verbose: 0 : 43592, 14, 2021/07/24, 01:42:40.518, 4455236968417, vstest.console.dll, TestRequestSender.OnExecutionMessageReceived: Received message: {"Version":2,"MessageType":"TestSession.Message","Payload":{"MessageLevel":0,"Message":"[xUnit.net 00:00:00.37]   Discovering: NoaaTest"}}
TpTrace Verbose: 0 : 43592, 14, 2021/07/24, 01:42:40.518, 4455236970295, vstest.console.dll, TestRunRequest:SendTestRunMessage: Starting.
TpTrace Information: 0 : 43592, 14, 2021/07/24, 01:42:40.518, 4455236970869, vstest.console.dll, TestRunRequest:SendTestRunMessage: Completed.
TpTrace Verbose: 0 : 43592, 14, 2021/07/24, 01:42:40.518, 4455236971173, vstest.console.dll, TcpClientExtensions.MessageLoopAsync: Polling on remoteEndPoint: 127.0.0.1:54106 localEndPoint: 127.0.0.1:53676
TpTrace Verbose: 0 : 43592, 14, 2021/07/24, 01:42:40.551, 4455237300124, vstest.console.dll, TcpClientExtensions.MessageLoopAsync: NotifyDataAvailable remoteEndPoint: 127.0.0.1:54106 localEndPoint: 127.0.0.1:53676
TpTrace Verbose: 0 : 43592, 14, 2021/07/24, 01:42:40.551, 4455237301844, vstest.console.dll, TestRequestSender.OnExecutionMessageReceived: Received message: {"Version":2,"MessageType":"TestSession.Message","Payload":{"MessageLevel":0,"Message":"[xUnit.net 00:00:00.40]   Discovered:  NoaaTest"}}
TpTrace Verbose: 0 : 43592, 14, 2021/07/24, 01:42:40.551, 4455237303781, vstest.console.dll, TestRunRequest:SendTestRunMessage: Starting.
TpTrace Information: 0 : 43592, 14, 2021/07/24, 01:42:40.551, 4455237304766, vstest.console.dll, TestRunRequest:SendTestRunMessage: Completed.
TpTrace Verbose: 0 : 43592, 14, 2021/07/24, 01:42:40.551, 4455237305490, vstest.console.dll, TcpClientExtensions.MessageLoopAsync: Polling on remoteEndPoint: 127.0.0.1:54106 localEndPoint: 127.0.0.1:53676
TpTrace Verbose: 0 : 43592, 14, 2021/07/24, 01:42:40.553, 4455237322204, vstest.console.dll, TcpClientExtensions.MessageLoopAsync: NotifyDataAvailable remoteEndPoint: 127.0.0.1:54106 localEndPoint: 127.0.0.1:53676
TpTrace Verbose: 0 : 43592, 14, 2021/07/24, 01:42:40.553, 4455237322962, vstest.console.dll, TestRequestSender.OnExecutionMessageReceived: Received message: {"Version":2,"MessageType":"TestSession.Message","Payload":{"MessageLevel":0,"Message":"[xUnit.net 00:00:00.41]   Starting:    NoaaTest"}}
TpTrace Verbose: 0 : 43592, 14, 2021/07/24, 01:42:40.553, 4455237324319, vstest.console.dll, TestRunRequest:SendTestRunMessage: Starting.
TpTrace Information: 0 : 43592, 14, 2021/07/24, 01:42:40.553, 4455237324946, vstest.console.dll, TestRunRequest:SendTestRunMessage: Completed.
TpTrace Verbose: 0 : 43592, 14, 2021/07/24, 01:42:40.553, 4455237325508, vstest.console.dll, TcpClientExtensions.MessageLoopAsync: Polling on remoteEndPoint: 127.0.0.1:54106 localEndPoint: 127.0.0.1:53676
TpTrace Verbose: 0 : 43592, 14, 2021/07/24, 01:42:40.652, 4455238316384, vstest.console.dll, TcpClientExtensions.MessageLoopAsync: NotifyDataAvailable remoteEndPoint: 127.0.0.1:54106 localEndPoint: 127.0.0.1:53676
TpTrace Verbose: 0 : 43592, 14, 2021/07/24, 01:42:40.652, 4455238317466, vstest.console.dll, TestRequestSender.OnExecutionMessageReceived: Received message: {"Version":2,"MessageType":"TestSession.Message","Payload":{"MessageLevel":0,"Message":"[xUnit.net 00:00:00.51]   Finished:    NoaaTest"}}
TpTrace Verbose: 0 : 43592, 14, 2021/07/24, 01:42:40.653, 4455238319229, vstest.console.dll, TestRunRequest:SendTestRunMessage: Starting.
TpTrace Information: 0 : 43592, 14, 2021/07/24, 01:42:40.653, 4455238319790, vstest.console.dll, TestRunRequest:SendTestRunMessage: Completed.
TpTrace Verbose: 0 : 43592, 14, 2021/07/24, 01:42:40.653, 4455238320116, vstest.console.dll, TcpClientExtensions.MessageLoopAsync: Polling on remoteEndPoint: 127.0.0.1:54106 localEndPoint: 127.0.0.1:53676
TpTrace Verbose: 0 : 43592, 14, 2021/07/24, 01:42:40.691, 4455238704215, vstest.console.dll, TcpClientExtensions.MessageLoopAsync: NotifyDataAvailable remoteEndPoint: 127.0.0.1:54106 localEndPoint: 127.0.0.1:53676
TpTrace Verbose: 0 : 43592, 14, 2021/07/24, 01:42:40.691, 4455238706388, vstest.console.dll, TestRequestSender.OnExecutionMessageReceived: Received message: {"Version":2,"MessageType":"TestExecution.Completed","Payload":{"TestRunCompleteArgs":{"TestRunStatistics":{"ExecutedTests":4,"Stats":{"Passed":4}},"IsCanceled":false,"IsAborted":false,"Error":null,"AttachmentSets":[],"ElapsedTimeInRunningTests":"00:00:00.5192109","Metrics":{}},"LastRunTests":{"NewTestResults":[{"TestCase":{"Id":"83aa80b2-9c43-f81c-05c7-3b172334f700","FullyQualifiedName":"NoaaTest.WeatherDataProcessorManagerTest.SetWeatherForecastDateTime_yesterday","DisplayName":"NoaaTest.WeatherDataProcessorManagerTest.SetWeatherForecastDateTime_yesterday","ExecutorUri":"executor://xunit/VsTestRunner2/netcoreapp","Source":"C:\\Users\\Tal\\source\\repos\\Noaa\\NoaaTest\\bin\\Debug\\netcoreapp3.1\\fine-code-coverage\\build-output\\NoaaTest.dll","CodeFilePath":null,"LineNumber":0,"Properties":[]},"Attachments":[],"Outcome":1,"ErrorMessage":null,"ErrorStackTrace":null,"DisplayName":"NoaaTest.WeatherDataProcessorManagerTest.SetWeatherForecastDateTime_yesterday","Messages":[],"ComputerName":"DESKTOP-1EMP8IB","Duration":"00:00:00.0062188","StartTime":"2021-07-23T22:42:40.6271084+00:00","EndTime":"2021-07-23T22:42:40.6271402+00:00","Properties":[]},{"TestCase":{"Id":"bf2dff29-c3b4-4066-38af-9b79c11e2852","FullyQualifiedName":"NoaaTest.WeatherDataProcessorManagerTest.SetWeatherForecastDateTime_future","DisplayName":"NoaaTest.WeatherDataProcessorManagerTest.SetWeatherForecastDateTime_future","ExecutorUri":"executor://xunit/VsTestRunner2/netcoreapp","Source":"C:\\Users\\Tal\\source\\repos\\Noaa\\NoaaTest\\bin\\Debug\\netcoreapp3.1\\fine-code-coverage\\build-output\\NoaaTest.dll","CodeFilePath":null,"LineNumber":0,"Properties":[]},"Attachments":[],"Outcome":1,"ErrorMessage":null,"ErrorStackTrace":null,"DisplayName":"NoaaTest.WeatherDataProcessorManagerTest.SetWeatherForecastDateTime_future","Messages":[],"ComputerName":"DESKTOP-1EMP8IB","Duration":"00:00:00.0001639","StartTime":"2021-07-23T22:42:40.6468753+00:00","EndTime":"2021-07-23T22:42:40.6468767+00:00","Properties":[]},{"TestCase":{"Id":"f8e980c8-426e-cd36-4773-ee9f18434ca2","FullyQualifiedName":"NoaaTest.WeatherDataProcessorManagerTest.SetWeatherForecastDateTime_today_past_time","DisplayName":"NoaaTest.WeatherDataProcessorManagerTest.SetWeatherForecastDateTime_today_past_time","ExecutorUri":"executor://xunit/VsTestRunner2/netcoreapp","Source":"C:\\Users\\Tal\\source\\repos\\Noaa\\NoaaTest\\bin\\Debug\\netcoreapp3.1\\fine-code-coverage\\build-output\\NoaaTest.dll","CodeFilePath":null,"LineNumber":0,"Properties":[]},"Attachments":[],"Outcome":1,"ErrorMessage":null,"ErrorStackTrace":null,"DisplayName":"NoaaTest.WeatherDataProcessorManagerTest.SetWeatherForecastDateTime_today_past_time","Messages":[],"ComputerName":"DESKTOP-1EMP8IB","Duration":"00:00:00.0001057","StartTime":"2021-07-23T22:42:40.6486308+00:00","EndTime":"2021-07-23T22:42:40.6486318+00:00","Properties":[]},{"TestCase":{"Id":"e343ecd7-37b5-3e60-9bc1-a7e71ca2fd37","FullyQualifiedName":"NoaaTest.WeatherDataProcessorManagerTest.SetWeatherForecastDateTime_today_future_time","DisplayName":"NoaaTest.WeatherDataProcessorManagerTest.SetWeatherForecastDateTime_today_future_time","ExecutorUri":"executor://xunit/VsTestRunner2/netcoreapp","Source":"C:\\Users\\Tal\\source\\repos\\Noaa\\NoaaTest\\bin\\Debug\\netcoreapp3.1\\fine-code-coverage\\build-output\\NoaaTest.dll","CodeFilePath":null,"LineNumber":0,"Properties":[]},"Attachments":[],"Outcome":1,"ErrorMessage":null,"ErrorStackTrace":null,"DisplayName":"NoaaTest.WeatherDataProcessorManagerTest.SetWeatherForecastDateTime_today_future_time","Messages":[],"ComputerName":"DESKTOP-1EMP8IB","Duration":"00:00:00.0000991","StartTime":"2021-07-23T22:42:40.6508313+00:00","EndTime":"2021-07-23T22:42:40.6508328+00:00","Properties":[]}],"TestRunStatistics":{"ExecutedTests":4,"Stats":{"Passed":4}},"ActiveTests":[]},"RunAttachments":[],"ExecutorUris":["executor://xunit/VsTestRunner2/netcoreapp"]}}
TpTrace Verbose: 0 : 43592, 14, 2021/07/24, 01:42:40.692, 4455238712112, vstest.console.dll, TestRequestSender.EndSession: Sending end session.
TpTrace Verbose: 0 : 43592, 14, 2021/07/24, 01:42:40.692, 4455238713436, vstest.console.dll, ProxyOperationManager.Close: waiting for test host to exit for 100 ms
TpTrace Warning: 0 : 43592, 10, 2021/07/24, 01:42:40.728, 4455239071915, vstest.console.dll, TestHostManagerCallbacks.ErrorReceivedCallback Test host standard error line: 
TpTrace Verbose: 0 : 43592, 7, 2021/07/24, 01:42:40.737, 4455239159422, vstest.console.dll, TestHostProvider.ExitCallBack: Host exited starting callback.
TpTrace Information: 0 : 43592, 7, 2021/07/24, 01:42:40.737, 4455239164295, vstest.console.dll, TestHostManagerCallbacks.ExitCallBack: Testhost processId: 5612 exited with exitcode: 0 error: ''
TpTrace Verbose: 0 : 43592, 7, 2021/07/24, 01:42:40.737, 4455239165030, vstest.console.dll, DotnetTestHostManager.OnHostExited: invoking OnHostExited callback
TpTrace Verbose: 0 : 43592, 7, 2021/07/24, 01:42:40.737, 4455239165527, vstest.console.dll, CrossPlatEngine.TestHostManagerHostExited: calling on client process exit callback.
TpTrace Information: 0 : 43592, 7, 2021/07/24, 01:42:40.737, 4455239166083, vstest.console.dll, TestRequestSender.OnClientProcessExit: Test host process exited. Standard error: 
TpTrace Warning: 0 : 43592, 14, 2021/07/24, 01:42:40.737, 4455239166196, vstest.console.dll, ProxyOperationManager: Timed out waiting for test host to exit. Will terminate process.
TpTrace Information: 0 : 43592, 7, 2021/07/24, 01:42:40.737, 4455239166507, vstest.console.dll, SocketServer.Stop: Stop server endPoint: 127.0.0.1:53676
TpTrace Information: 0 : 43592, 7, 2021/07/24, 01:42:40.737, 4455239167556, vstest.console.dll, SocketServer.Stop: Cancellation requested. Stopping message loop.
TpTrace Verbose: 0 : 43592, 14, 2021/07/24, 01:42:40.738, 4455239173368, vstest.console.dll, ProxyDataCollectionManager.InvokeDataCollectionServiceAction: Starting.
TpTrace Information: 0 : 43592, 14, 2021/07/24, 01:42:40.738, 4455239173909, vstest.console.dll, ProxyDataCollectionManager.AfterTestRunEnd: Get attachment set for datacollector processId: 26024 port: 53673
TpTrace Verbose: 0 : 43592, 14, 2021/07/24, 01:42:40.738, 4455239174457, vstest.console.dll, DataCollectionRequestSender.SendAfterTestRunStartAndGetResult : Send AfterTestRunEnd message with isCancelled: False
TpTrace Verbose: 0 : 43592, 14, 2021/07/24, 01:42:40.742, 4455239210900, vstest.console.dll, DataCollectionRequestSender.SendAfterTestRunStartAndGetResult : Received message: (DataCollection.AfterTestRunEndResult) -> {
  "AttachmentSets": [],
  "Metrics": {}
}
TpTrace Information: 0 : 43592, 14, 2021/07/24, 01:42:40.746, 4455239251154, vstest.console.dll, ProxyDataCollectionManager.InvokeDataCollectionServiceAction: Completed.
TpTrace Warning: 0 : 43592, 9, 2021/07/24, 01:42:40.748, 4455239269963, vstest.console.dll, DataCollectionLauncher.ErrorReceivedCallback datacollector standard error line: 
TpTrace Information: 0 : 43592, 7, 2021/07/24, 01:42:40.752, 4455239317695, vstest.console.dll, DataCollectionLauncher.ExitCallBack: Data collector exited with exitcode: 0 error: ''
TpTrace Verbose: 0 : 43592, 14, 2021/07/24, 01:42:40.791, 4455239707505, vstest.console.dll, TestRunRequest:SendTestRunStatsChange: Starting.
TpTrace Information: 0 : 43592, 14, 2021/07/24, 01:42:40.792, 4455239709200, vstest.console.dll, TestRunRequest:SendTestRunStatsChange: Completed.
TpTrace Verbose: 0 : 43592, 14, 2021/07/24, 01:42:40.792, 4455239711217, vstest.console.dll, ParallelProxyExecutionManager: HandlePartialRunComplete: Total completed clients = 1, Run complete = True, Run canceled: False.
TpTrace Verbose: 0 : 43592, 14, 2021/07/24, 01:42:40.812, 4455239910039, vstest.console.dll, TestRunRequest:TestRunComplete: Starting. IsAborted:False IsCanceled:False.
TpTrace Verbose: 0 : 43592, 14, 2021/07/24, 01:42:40.812, 4455239911365, vstest.console.dll, TestLoggerManager.HandleTestRunComplete: Ignoring as the object is disposed.
TpTrace Information: 0 : 43592, 14, 2021/07/24, 01:42:40.812, 4455239913310, vstest.console.dll, TestRunRequest:TestRunComplete: Completed.
TpTrace Verbose: 0 : 43592, 1, 2021/07/24, 01:42:40.812, 4455239913516, vstest.console.dll, TestRunRequest.Dispose: Starting.
TpTrace Information: 0 : 43592, 1, 2021/07/24, 01:42:40.812, 4455239914324, vstest.console.dll, TestRunRequest.Dispose: Completed.
TpTrace Verbose: 0 : 43592, 14, 2021/07/24, 01:42:40.812, 4455239913741, vstest.console.dll, TestRequestSender.SetOperationComplete: Setting operation complete.
TpTrace Information: 0 : 43592, 1, 2021/07/24, 01:42:40.812, 4455239914717, vstest.console.dll, TestRequestManager.RunTests: run tests completed.
TpTrace Information: 0 : 43592, 14, 2021/07/24, 01:42:40.812, 4455239915154, vstest.console.dll, SocketServer.Stop: Stop server endPoint: 127.0.0.1:53676
TpTrace Information: 0 : 43592, 1, 2021/07/24, 01:42:40.812, 4455239915793, vstest.console.dll, RunTestsArgumentProcessor:Execute: Test run is completed.
TpTrace Information: 0 : 43592, 14, 2021/07/24, 01:42:40.812, 4455239915827, vstest.console.dll, SocketServer.Stop: Cancellation requested. Stopping message loop.
TpTrace Information: 0 : 43592, 14, 2021/07/24, 01:42:40.812, 4455239916580, vstest.console.dll, SocketServer.PrivateStop: Stop server endPoint: 127.0.0.1:53676 error: 
TpTrace Verbose: 0 : 43592, 1, 2021/07/24, 01:42:40.812, 4455239917049, vstest.console.dll, Executor.Execute: Exiting with exit code of 0
TpTrace Verbose: 0 : 43592, 14, 2021/07/24, 01:42:40.813, 4455239920253, vstest.console.dll, LengthPrefixCommunicationChannel.Dispose: Dispose reader and writer.
